INFO  2020-05-02 15:33:35[restartedMain] [BookclubApplication:55] -Starting BookclubApplication on DESKTOP-S36RG68 with PID 952 (C:\Users\N\IdeaProjects\bookClub\bookclub-api\build\classes\java\main started by 호준 in C:\Users\N\IdeaProjects\bookClub)
INFO  2020-05-02 15:33:35[restartedMain] [BookclubApplication:651] -No active profile set, falling back to default profiles: default
INFO  2020-05-02 15:33:36[restartedMain] [ChangeableUrls:225] -The Class-Path manifest attribute in C:\Users\N\.gradle\caches\modules-2\files-2.1\org.glassfish.jaxb\jaxb-runtime\2.3.2\5528bc882ea499a09d720b42af11785c4fc6be2a\jaxb-runtime-2.3.2.jar referenced one or more files that do not exist: file:/C:/Users/N/.gradle/caches/modules-2/files-2.1/org.glassfish.jaxb/jaxb-runtime/2.3.2/5528bc882ea499a09d720b42af11785c4fc6be2a/jakarta.xml.bind-api-2.3.2.jar,file:/C:/Users/N/.gradle/caches/modules-2/files-2.1/org.glassfish.jaxb/jaxb-runtime/2.3.2/5528bc882ea499a09d720b42af11785c4fc6be2a/txw2-2.3.2.jar,file:/C:/Users/N/.gradle/caches/modules-2/files-2.1/org.glassfish.jaxb/jaxb-runtime/2.3.2/5528bc882ea499a09d720b42af11785c4fc6be2a/istack-commons-runtime-3.0.8.jar,file:/C:/Users/N/.gradle/caches/modules-2/files-2.1/org.glassfish.jaxb/jaxb-runtime/2.3.2/5528bc882ea499a09d720b42af11785c4fc6be2a/stax-ex-1.8.1.jar,file:/C:/Users/N/.gradle/caches/modules-2/files-2.1/org.glassfish.jaxb/jaxb-runtime/2.3.2/5528bc882ea499a09d720b42af11785c4fc6be2a/FastInfoset-1.2.16.jar,file:/C:/Users/N/.gradle/caches/modules-2/files-2.1/org.glassfish.jaxb/jaxb-runtime/2.3.2/5528bc882ea499a09d720b42af11785c4fc6be2a/jakarta.activation-api-1.2.1.jar
INFO  2020-05-02 15:33:36[restartedMain] [DevToolsPropertyDefaultsPostProcessor:225] -Devtools property defaults active! Set 'spring.devtools.add-properties' to 'false' to disable
INFO  2020-05-02 15:33:36[restartedMain] [DevToolsPropertyDefaultsPostProcessor:225] -For additional web related logging consider setting the 'logging.level.web' property to 'DEBUG'
INFO  2020-05-02 15:33:36[restartedMain] [RepositoryConfigurationDelegate:127] -Bootstrapping Spring Data JPA repositories in DEFAULT mode.
INFO  2020-05-02 15:33:36[restartedMain] [RepositoryConfigurationDelegate:187] -Finished Spring Data repository scanning in 65ms. Found 3 JPA repository interfaces.
INFO  2020-05-02 15:33:37[restartedMain] [TomcatWebServer:92] -Tomcat initialized with port(s): 8080 (http)
INFO  2020-05-02 15:33:37[restartedMain] [Http11NioProtocol:173] -Initializing ProtocolHandler ["http-nio-8080"]
INFO  2020-05-02 15:33:37[restartedMain] [StandardService:173] -Starting service [Tomcat]
INFO  2020-05-02 15:33:37[restartedMain] [StandardEngine:173] -Starting Servlet engine: [Apache Tomcat/9.0.33]
INFO  2020-05-02 15:33:38[restartedMain] [[/]:173] -Initializing Spring embedded WebApplicationContext
INFO  2020-05-02 15:33:38[restartedMain] [ContextLoader:284] -Root WebApplicationContext: initialization completed in 2049 ms
INFO  2020-05-02 15:33:38[restartedMain] [HikariDataSource:110] -HikariPool-1 - Starting...
INFO  2020-05-02 15:33:38[restartedMain] [HikariDataSource:123] -HikariPool-1 - Start completed.
INFO  2020-05-02 15:33:38[restartedMain] [LogHelper:31] -HHH000204: Processing PersistenceUnitInfo [name: default]
INFO  2020-05-02 15:33:38[restartedMain] [Version:44] -HHH000412: Hibernate ORM core version 5.4.12.Final
INFO  2020-05-02 15:33:39[restartedMain] [Version:49] -HCANN000001: Hibernate Commons Annotations {5.1.0.Final}
INFO  2020-05-02 15:33:39[restartedMain] [Dialect:172] -HHH000400: Using dialect: org.hibernate.dialect.MySQL8Dialect
INFO  2020-05-02 15:33:39[restartedMain] [JtaPlatformInitiator:52] -HHH000490: Using JtaPlatform implementation: [org.hibernate.engine.transaction.jta.platform.internal.NoJtaPlatform]
INFO  2020-05-02 15:33:39[restartedMain] [LocalContainerEntityManagerFactoryBean:416] -Initialized JPA EntityManagerFactory for persistence unit 'default'
WARN  2020-05-02 15:33:40[restartedMain] [JpaBaseConfiguration$JpaWebConfiguration:220] -spring.jpa.open-in-view is enabled by default. Therefore, database queries may be performed during view rendering. Explicitly configure spring.jpa.open-in-view to disable this warning
INFO  2020-05-02 15:33:40[restartedMain] [DefaultSecurityFilterChain:43] -Creating filter chain: any request, [org.springframework.security.web.context.request.async.WebAsyncManagerIntegrationFilter@21781e5c, org.springframework.security.web.context.SecurityContextPersistenceFilter@38f20720, org.springframework.security.web.header.HeaderWriterFilter@635f3d3a, org.springframework.security.web.authentication.logout.LogoutFilter@d1cd082, ac.kr.smu.config.jwt.JwtAuthenticationFilter@2c32c892, org.springframework.security.web.savedrequest.RequestCacheAwareFilter@77191cf8, org.springframework.security.web.servletapi.SecurityContextHolderAwareRequestFilter@442bcab4, org.springframework.security.web.authentication.AnonymousAuthenticationFilter@ca1f4c7, org.springframework.security.web.session.SessionManagementFilter@33942dd6, org.springframework.security.web.access.ExceptionTranslationFilter@1e9299b, org.springframework.security.web.access.intercept.FilterSecurityInterceptor@35035df5]
INFO  2020-05-02 15:33:41[restartedMain] [ThreadPoolTaskExecutor:181] -Initializing ExecutorService 'applicationTaskExecutor'
INFO  2020-05-02 15:33:42[restartedMain] [OptionalLiveReloadServer:58] -LiveReload server is running on port 35729
INFO  2020-05-02 15:33:42[restartedMain] [Http11NioProtocol:173] -Starting ProtocolHandler ["http-nio-8080"]
INFO  2020-05-02 15:33:42[restartedMain] [TomcatWebServer:204] -Tomcat started on port(s): 8080 (http) with context path ''
INFO  2020-05-02 15:33:42[restartedMain] [BookclubApplication:61] -Started BookclubApplication in 6.703 seconds (JVM running for 7.796)
