INFO  2020-05-02 19:42:41[restartedMain] [BookclubApplication:55] -Starting BookclubApplication on DESKTOP-S36RG68 with PID 22072 (C:\Users\N\IdeaProjects\bookClub\bookclub-api\build\classes\java\main started by 호준 in C:\Users\N\IdeaProjects\bookClub)
INFO  2020-05-02 19:42:41[restartedMain] [BookclubApplication:651] -No active profile set, falling back to default profiles: default
INFO  2020-05-02 19:42:41[restartedMain] [ChangeableUrls:225] -The Class-Path manifest attribute in C:\Users\N\.gradle\caches\modules-2\files-2.1\org.glassfish.jaxb\jaxb-runtime\2.3.2\5528bc882ea499a09d720b42af11785c4fc6be2a\jaxb-runtime-2.3.2.jar referenced one or more files that do not exist: file:/C:/Users/N/.gradle/caches/modules-2/files-2.1/org.glassfish.jaxb/jaxb-runtime/2.3.2/5528bc882ea499a09d720b42af11785c4fc6be2a/jakarta.xml.bind-api-2.3.2.jar,file:/C:/Users/N/.gradle/caches/modules-2/files-2.1/org.glassfish.jaxb/jaxb-runtime/2.3.2/5528bc882ea499a09d720b42af11785c4fc6be2a/txw2-2.3.2.jar,file:/C:/Users/N/.gradle/caches/modules-2/files-2.1/org.glassfish.jaxb/jaxb-runtime/2.3.2/5528bc882ea499a09d720b42af11785c4fc6be2a/istack-commons-runtime-3.0.8.jar,file:/C:/Users/N/.gradle/caches/modules-2/files-2.1/org.glassfish.jaxb/jaxb-runtime/2.3.2/5528bc882ea499a09d720b42af11785c4fc6be2a/stax-ex-1.8.1.jar,file:/C:/Users/N/.gradle/caches/modules-2/files-2.1/org.glassfish.jaxb/jaxb-runtime/2.3.2/5528bc882ea499a09d720b42af11785c4fc6be2a/FastInfoset-1.2.16.jar,file:/C:/Users/N/.gradle/caches/modules-2/files-2.1/org.glassfish.jaxb/jaxb-runtime/2.3.2/5528bc882ea499a09d720b42af11785c4fc6be2a/jakarta.activation-api-1.2.1.jar
INFO  2020-05-02 19:42:41[restartedMain] [DevToolsPropertyDefaultsPostProcessor:225] -Devtools property defaults active! Set 'spring.devtools.add-properties' to 'false' to disable
INFO  2020-05-02 19:42:41[restartedMain] [DevToolsPropertyDefaultsPostProcessor:225] -For additional web related logging consider setting the 'logging.level.web' property to 'DEBUG'
INFO  2020-05-02 19:42:43[restartedMain] [RepositoryConfigurationDelegate:127] -Bootstrapping Spring Data JPA repositories in DEFAULT mode.
INFO  2020-05-02 19:42:43[restartedMain] [RepositoryConfigurationDelegate:187] -Finished Spring Data repository scanning in 54ms. Found 3 JPA repository interfaces.
INFO  2020-05-02 19:42:43[restartedMain] [PostProcessorRegistrationDelegate$BeanPostProcessorChecker:330] -Bean 'org.springframework.security.config.annotation.configuration.ObjectPostProcessorConfiguration' of type [org.springframework.security.config.annotation.configuration.ObjectPostProcessorConfiguration] is not eligible for getting processed by all BeanPostProcessors (for example: not eligible for auto-proxying)
INFO  2020-05-02 19:42:43[restartedMain] [PostProcessorRegistrationDelegate$BeanPostProcessorChecker:330] -Bean 'objectPostProcessor' of type [org.springframework.security.config.annotation.configuration.AutowireBeanFactoryObjectPostProcessor] is not eligible for getting processed by all BeanPostProcessors (for example: not eligible for auto-proxying)
INFO  2020-05-02 19:42:43[restartedMain] [PostProcessorRegistrationDelegate$BeanPostProcessorChecker:330] -Bean 'org.springframework.security.access.expression.method.DefaultMethodSecurityExpressionHandler@44c0f6dc' of type [org.springframework.security.access.expression.method.DefaultMethodSecurityExpressionHandler] is not eligible for getting processed by all BeanPostProcessors (for example: not eligible for auto-proxying)
INFO  2020-05-02 19:42:43[restartedMain] [PostProcessorRegistrationDelegate$BeanPostProcessorChecker:330] -Bean 'org.springframework.security.config.annotation.method.configuration.GlobalMethodSecurityConfiguration' of type [org.springframework.security.config.annotation.method.configuration.GlobalMethodSecurityConfiguration] is not eligible for getting processed by all BeanPostProcessors (for example: not eligible for auto-proxying)
INFO  2020-05-02 19:42:43[restartedMain] [PostProcessorRegistrationDelegate$BeanPostProcessorChecker:330] -Bean 'methodSecurityMetadataSource' of type [org.springframework.security.access.method.DelegatingMethodSecurityMetadataSource] is not eligible for getting processed by all BeanPostProcessors (for example: not eligible for auto-proxying)
INFO  2020-05-02 19:42:44[restartedMain] [TomcatWebServer:92] -Tomcat initialized with port(s): 8080 (http)
INFO  2020-05-02 19:42:44[restartedMain] [Http11NioProtocol:173] -Initializing ProtocolHandler ["http-nio-8080"]
INFO  2020-05-02 19:42:44[restartedMain] [StandardService:173] -Starting service [Tomcat]
INFO  2020-05-02 19:42:44[restartedMain] [StandardEngine:173] -Starting Servlet engine: [Apache Tomcat/9.0.33]
INFO  2020-05-02 19:42:44[restartedMain] [[/]:173] -Initializing Spring embedded WebApplicationContext
INFO  2020-05-02 19:42:44[restartedMain] [ContextLoader:284] -Root WebApplicationContext: initialization completed in 2455 ms
INFO  2020-05-02 19:42:44[restartedMain] [HikariDataSource:110] -HikariPool-1 - Starting...
INFO  2020-05-02 19:42:44[restartedMain] [HikariDataSource:123] -HikariPool-1 - Start completed.
INFO  2020-05-02 19:42:44[restartedMain] [LogHelper:31] -HHH000204: Processing PersistenceUnitInfo [name: default]
INFO  2020-05-02 19:42:45[restartedMain] [Version:44] -HHH000412: Hibernate ORM core version 5.4.12.Final
INFO  2020-05-02 19:42:45[restartedMain] [Version:49] -HCANN000001: Hibernate Commons Annotations {5.1.0.Final}
INFO  2020-05-02 19:42:45[restartedMain] [Dialect:172] -HHH000400: Using dialect: org.hibernate.dialect.MySQL8Dialect
INFO  2020-05-02 19:42:46[restartedMain] [JtaPlatformInitiator:52] -HHH000490: Using JtaPlatform implementation: [org.hibernate.engine.transaction.jta.platform.internal.NoJtaPlatform]
INFO  2020-05-02 19:42:46[restartedMain] [LocalContainerEntityManagerFactoryBean:416] -Initialized JPA EntityManagerFactory for persistence unit 'default'
WARN  2020-05-02 19:42:46[restartedMain] [JpaBaseConfiguration$JpaWebConfiguration:220] -spring.jpa.open-in-view is enabled by default. Therefore, database queries may be performed during view rendering. Explicitly configure spring.jpa.open-in-view to disable this warning
INFO  2020-05-02 19:42:47[restartedMain] [DefaultSecurityFilterChain:43] -Creating filter chain: any request, [org.springframework.security.web.context.request.async.WebAsyncManagerIntegrationFilter@18c63e47, org.springframework.security.web.context.SecurityContextPersistenceFilter@375b4ca6, org.springframework.security.web.header.HeaderWriterFilter@36c5de44, org.springframework.security.web.authentication.logout.LogoutFilter@5c77916f, ac.kr.smu.config.jwt.JwtAuthenticationFilter@3ff69ee9, org.springframework.security.web.savedrequest.RequestCacheAwareFilter@208391d7, org.springframework.security.web.servletapi.SecurityContextHolderAwareRequestFilter@1785a7df, org.springframework.security.web.authentication.AnonymousAuthenticationFilter@76e35c4d, org.springframework.security.web.session.SessionManagementFilter@5964d055, org.springframework.security.web.access.ExceptionTranslationFilter@37116e10, org.springframework.security.web.access.intercept.FilterSecurityInterceptor@35910cc1]
INFO  2020-05-02 19:42:47[restartedMain] [ThreadPoolTaskExecutor:181] -Initializing ExecutorService 'applicationTaskExecutor'
INFO  2020-05-02 19:42:48[restartedMain] [OptionalLiveReloadServer:58] -LiveReload server is running on port 35729
INFO  2020-05-02 19:42:48[restartedMain] [Http11NioProtocol:173] -Starting ProtocolHandler ["http-nio-8080"]
INFO  2020-05-02 19:42:48[restartedMain] [TomcatWebServer:204] -Tomcat started on port(s): 8080 (http) with context path ''
INFO  2020-05-02 19:42:48[restartedMain] [BookclubApplication:61] -Started BookclubApplication in 7.047 seconds (JVM running for 8.344)
INFO  2020-05-02 19:43:44[http-nio-8080-exec-1] [[/]:173] -Initializing Spring DispatcherServlet 'dispatcherServlet'
INFO  2020-05-02 19:43:44[http-nio-8080-exec-1] [DispatcherServlet:525] -Initializing Servlet 'dispatcherServlet'
INFO  2020-05-02 19:43:44[http-nio-8080-exec-1] [DispatcherServlet:547] -Completed initialization in 27 ms
WARN  2020-05-02 19:46:25[http-nio-8080-exec-3] [DefaultHandlerExceptionResolver:199] -Resolved [org.springframework.web.HttpRequestMethodNotSupportedException: Request method 'GET' not supported]
ERROR 2020-05-02 19:46:30[http-nio-8080-exec-4] [[dispatcherServlet]:175] -Servlet.service() for servlet [dispatcherServlet] in context with path [] threw exception [Request processing failed; nested exception is ac.kr.smu.exception.LoginException] with root cause
ac.kr.smu.exception.LoginException: null
	at java.base/java.util.Optional.orElseThrow(Optional.java:408)
	at ac.kr.smu.controller.LoginController.postLogin(LoginController.java:25)
	at java.base/jdk.internal.reflect.NativeMethodAccessorImpl.invoke0(Native Method)
	at java.base/jdk.internal.reflect.NativeMethodAccessorImpl.invoke(NativeMethodAccessorImpl.java:62)
	at java.base/jdk.internal.reflect.DelegatingMethodAccessorImpl.invoke(DelegatingMethodAccessorImpl.java:43)
	at java.base/java.lang.reflect.Method.invoke(Method.java:567)
	at org.springframework.web.method.support.InvocableHandlerMethod.doInvoke(InvocableHandlerMethod.java:190)
	at org.springframework.web.method.support.InvocableHandlerMethod.invokeForRequest(InvocableHandlerMethod.java:138)
	at org.springframework.web.servlet.mvc.method.annotation.ServletInvocableHandlerMethod.invokeAndHandle(ServletInvocableHandlerMethod.java:105)
	at org.springframework.web.servlet.mvc.method.annotation.RequestMappingHandlerAdapter.invokeHandlerMethod(RequestMappingHandlerAdapter.java:879)
	at org.springframework.web.servlet.mvc.method.annotation.RequestMappingHandlerAdapter.handleInternal(RequestMappingHandlerAdapter.java:793)
	at org.springframework.web.servlet.mvc.method.AbstractHandlerMethodAdapter.handle(AbstractHandlerMethodAdapter.java:87)
	at org.springframework.web.servlet.DispatcherServlet.doDispatch(DispatcherServlet.java:1040)
	at org.springframework.web.servlet.DispatcherServlet.doService(DispatcherServlet.java:943)
	at org.springframework.web.servlet.FrameworkServlet.processRequest(FrameworkServlet.java:1006)
	at org.springframework.web.servlet.FrameworkServlet.doPost(FrameworkServlet.java:909)
	at javax.servlet.http.HttpServlet.service(HttpServlet.java:660)
	at org.springframework.web.servlet.FrameworkServlet.service(FrameworkServlet.java:883)
	at javax.servlet.http.HttpServlet.service(HttpServlet.java:741)
	at org.apache.catalina.core.ApplicationFilterChain.internalDoFilter(ApplicationFilterChain.java:231)
	at org.apache.catalina.core.ApplicationFilterChain.doFilter(ApplicationFilterChain.java:166)
	at org.apache.tomcat.websocket.server.WsFilter.doFilter(WsFilter.java:53)
	at org.apache.catalina.core.ApplicationFilterChain.internalDoFilter(ApplicationFilterChain.java:193)
	at org.apache.catalina.core.ApplicationFilterChain.doFilter(ApplicationFilterChain.java:166)
	at org.springframework.security.web.FilterChainProxy$VirtualFilterChain.doFilter(FilterChainProxy.java:320)
	at org.springframework.security.web.access.intercept.FilterSecurityInterceptor.invoke(FilterSecurityInterceptor.java:126)
	at org.springframework.security.web.access.intercept.FilterSecurityInterceptor.doFilter(FilterSecurityInterceptor.java:90)
	at org.springframework.security.web.FilterChainProxy$VirtualFilterChain.doFilter(FilterChainProxy.java:334)
	at org.springframework.security.web.access.ExceptionTranslationFilter.doFilter(ExceptionTranslationFilter.java:118)
	at org.springframework.security.web.FilterChainProxy$VirtualFilterChain.doFilter(FilterChainProxy.java:334)
	at org.springframework.security.web.session.SessionManagementFilter.doFilter(SessionManagementFilter.java:137)
	at org.springframework.security.web.FilterChainProxy$VirtualFilterChain.doFilter(FilterChainProxy.java:334)
	at org.springframework.security.web.authentication.AnonymousAuthenticationFilter.doFilter(AnonymousAuthenticationFilter.java:111)
	at org.springframework.security.web.FilterChainProxy$VirtualFilterChain.doFilter(FilterChainProxy.java:334)
	at org.springframework.security.web.servletapi.SecurityContextHolderAwareRequestFilter.doFilter(SecurityContextHolderAwareRequestFilter.java:158)
	at org.springframework.security.web.FilterChainProxy$VirtualFilterChain.doFilter(FilterChainProxy.java:334)
	at org.springframework.security.web.savedrequest.RequestCacheAwareFilter.doFilter(RequestCacheAwareFilter.java:63)
	at org.springframework.security.web.FilterChainProxy$VirtualFilterChain.doFilter(FilterChainProxy.java:334)
	at ac.kr.smu.config.jwt.JwtAuthenticationFilter.doFilter(JwtAuthenticationFilter.java:28)
	at org.springframework.security.web.FilterChainProxy$VirtualFilterChain.doFilter(FilterChainProxy.java:334)
	at org.springframework.security.web.authentication.logout.LogoutFilter.doFilter(LogoutFilter.java:116)
	at org.springframework.security.web.FilterChainProxy$VirtualFilterChain.doFilter(FilterChainProxy.java:334)
	at org.springframework.security.web.header.HeaderWriterFilter.doHeadersAfter(HeaderWriterFilter.java:92)
	at org.springframework.security.web.header.HeaderWriterFilter.doFilterInternal(HeaderWriterFilter.java:77)
	at org.springframework.web.filter.OncePerRequestFilter.doFilter(OncePerRequestFilter.java:119)
	at org.springframework.security.web.FilterChainProxy$VirtualFilterChain.doFilter(FilterChainProxy.java:334)
	at org.springframework.security.web.context.SecurityContextPersistenceFilter.doFilter(SecurityContextPersistenceFilter.java:105)
	at org.springframework.security.web.FilterChainProxy$VirtualFilterChain.doFilter(FilterChainProxy.java:334)
	at org.springframework.security.web.context.request.async.WebAsyncManagerIntegrationFilter.doFilterInternal(WebAsyncManagerIntegrationFilter.java:56)
	at org.springframework.web.filter.OncePerRequestFilter.doFilter(OncePerRequestFilter.java:119)
	at org.springframework.security.web.FilterChainProxy$VirtualFilterChain.doFilter(FilterChainProxy.java:334)
	at org.springframework.security.web.FilterChainProxy.doFilterInternal(FilterChainProxy.java:215)
	at org.springframework.security.web.FilterChainProxy.doFilter(FilterChainProxy.java:178)
	at org.springframework.web.filter.DelegatingFilterProxy.invokeDelegate(DelegatingFilterProxy.java:358)
	at org.springframework.web.filter.DelegatingFilterProxy.doFilter(DelegatingFilterProxy.java:271)
	at org.apache.catalina.core.ApplicationFilterChain.internalDoFilter(ApplicationFilterChain.java:193)
	at org.apache.catalina.core.ApplicationFilterChain.doFilter(ApplicationFilterChain.java:166)
	at org.springframework.web.filter.RequestContextFilter.doFilterInternal(RequestContextFilter.java:100)
	at org.springframework.web.filter.OncePerRequestFilter.doFilter(OncePerRequestFilter.java:119)
	at org.apache.catalina.core.ApplicationFilterChain.internalDoFilter(ApplicationFilterChain.java:193)
	at org.apache.catalina.core.ApplicationFilterChain.doFilter(ApplicationFilterChain.java:166)
	at org.springframework.web.filter.FormContentFilter.doFilterInternal(FormContentFilter.java:93)
	at org.springframework.web.filter.OncePerRequestFilter.doFilter(OncePerRequestFilter.java:119)
	at org.apache.catalina.core.ApplicationFilterChain.internalDoFilter(ApplicationFilterChain.java:193)
	at org.apache.catalina.core.ApplicationFilterChain.doFilter(ApplicationFilterChain.java:166)
	at org.springframework.web.filter.CharacterEncodingFilter.doFilterInternal(CharacterEncodingFilter.java:201)
	at org.springframework.web.filter.OncePerRequestFilter.doFilter(OncePerRequestFilter.java:119)
	at org.apache.catalina.core.ApplicationFilterChain.internalDoFilter(ApplicationFilterChain.java:193)
	at org.apache.catalina.core.ApplicationFilterChain.doFilter(ApplicationFilterChain.java:166)
	at org.apache.catalina.core.StandardWrapperValve.invoke(StandardWrapperValve.java:202)
	at org.apache.catalina.core.StandardContextValve.invoke(StandardContextValve.java:96)
	at org.apache.catalina.authenticator.AuthenticatorBase.invoke(AuthenticatorBase.java:541)
	at org.apache.catalina.core.StandardHostValve.invoke(StandardHostValve.java:139)
	at org.apache.catalina.valves.ErrorReportValve.invoke(ErrorReportValve.java:92)
	at org.apache.catalina.core.StandardEngineValve.invoke(StandardEngineValve.java:74)
	at org.apache.catalina.connector.CoyoteAdapter.service(CoyoteAdapter.java:343)
	at org.apache.coyote.http11.Http11Processor.service(Http11Processor.java:373)
	at org.apache.coyote.AbstractProcessorLight.process(AbstractProcessorLight.java:65)
	at org.apache.coyote.AbstractProtocol$ConnectionHandler.process(AbstractProtocol.java:868)
	at org.apache.tomcat.util.net.NioEndpoint$SocketProcessor.doRun(NioEndpoint.java:1594)
	at org.apache.tomcat.util.net.SocketProcessorBase.run(SocketProcessorBase.java:49)
	at java.base/java.util.concurrent.ThreadPoolExecutor.runWorker(ThreadPoolExecutor.java:1128)
	at java.base/java.util.concurrent.ThreadPoolExecutor$Worker.run(ThreadPoolExecutor.java:628)
	at org.apache.tomcat.util.threads.TaskThread$WrappingRunnable.run(TaskThread.java:61)
	at java.base/java.lang.Thread.run(Thread.java:835)
TRACE 2020-05-02 19:46:44[http-nio-8080-exec-5] [BasicBinder:64] -binding parameter [1] as [VARCHAR] - [dbghwns11]
TRACE 2020-05-02 19:46:44[http-nio-8080-exec-5] [BasicExtractor:60] -extracted value ([uid1_2_] : [BIGINT]) - [1]
TRACE 2020-05-02 19:46:44[http-nio-8080-exec-5] [BasicExtractor:60] -extracted value ([email2_2_] : [VARCHAR]) - [dbghwns66@daum.net]
TRACE 2020-05-02 19:46:44[http-nio-8080-exec-5] [BasicExtractor:60] -extracted value ([gid7_2_] : [BIGINT]) - [1]
TRACE 2020-05-02 19:46:44[http-nio-8080-exec-5] [BasicExtractor:60] -extracted value ([id3_2_] : [VARCHAR]) - [dbghwns11]
TRACE 2020-05-02 19:46:44[http-nio-8080-exec-5] [BasicExtractor:60] -extracted value ([name4_2_] : [VARCHAR]) - [유호준]
TRACE 2020-05-02 19:46:44[http-nio-8080-exec-5] [BasicExtractor:60] -extracted value ([passwd5_2_] : [VARCHAR]) - [$2a$10$D8jGwqefuXNPbvdJUhriYOz4u/9qPboDL8FfDQ1EmBLgMZErzjZ/e]
TRACE 2020-05-02 19:46:44[http-nio-8080-exec-5] [BasicExtractor:60] -extracted value ([role6_2_] : [VARCHAR]) - [MANAGER]
TRACE 2020-05-02 19:46:54[http-nio-8080-exec-6] [BasicBinder:64] -binding parameter [1] as [BIGINT] - [1]
TRACE 2020-05-02 19:46:54[http-nio-8080-exec-6] [BasicExtractor:60] -extracted value ([uid1_2_] : [BIGINT]) - [1]
TRACE 2020-05-02 19:46:54[http-nio-8080-exec-6] [BasicExtractor:60] -extracted value ([email2_2_] : [VARCHAR]) - [dbghwns66@daum.net]
TRACE 2020-05-02 19:46:54[http-nio-8080-exec-6] [BasicExtractor:60] -extracted value ([gid7_2_] : [BIGINT]) - [1]
TRACE 2020-05-02 19:46:54[http-nio-8080-exec-6] [BasicExtractor:60] -extracted value ([id3_2_] : [VARCHAR]) - [dbghwns11]
TRACE 2020-05-02 19:46:54[http-nio-8080-exec-6] [BasicExtractor:60] -extracted value ([name4_2_] : [VARCHAR]) - [유호준]
TRACE 2020-05-02 19:46:54[http-nio-8080-exec-6] [BasicExtractor:60] -extracted value ([passwd5_2_] : [VARCHAR]) - [$2a$10$D8jGwqefuXNPbvdJUhriYOz4u/9qPboDL8FfDQ1EmBLgMZErzjZ/e]
TRACE 2020-05-02 19:46:54[http-nio-8080-exec-6] [BasicExtractor:60] -extracted value ([role6_2_] : [VARCHAR]) - [MANAGER]
TRACE 2020-05-02 19:46:54[http-nio-8080-exec-6] [BasicBinder:64] -binding parameter [1] as [BIGINT] - [1]
TRACE 2020-05-02 19:46:54[http-nio-8080-exec-6] [BasicExtractor:60] -extracted value ([uid1_2_] : [BIGINT]) - [1]
TRACE 2020-05-02 19:46:54[http-nio-8080-exec-6] [BasicExtractor:60] -extracted value ([email2_2_] : [VARCHAR]) - [dbghwns66@daum.net]
TRACE 2020-05-02 19:46:54[http-nio-8080-exec-6] [BasicExtractor:60] -extracted value ([gid7_2_] : [BIGINT]) - [1]
TRACE 2020-05-02 19:46:54[http-nio-8080-exec-6] [BasicExtractor:60] -extracted value ([id3_2_] : [VARCHAR]) - [dbghwns11]
TRACE 2020-05-02 19:46:54[http-nio-8080-exec-6] [BasicExtractor:60] -extracted value ([name4_2_] : [VARCHAR]) - [유호준]
TRACE 2020-05-02 19:46:54[http-nio-8080-exec-6] [BasicExtractor:60] -extracted value ([passwd5_2_] : [VARCHAR]) - [$2a$10$D8jGwqefuXNPbvdJUhriYOz4u/9qPboDL8FfDQ1EmBLgMZErzjZ/e]
TRACE 2020-05-02 19:46:54[http-nio-8080-exec-6] [BasicExtractor:60] -extracted value ([role6_2_] : [VARCHAR]) - [MANAGER]
TRACE 2020-05-02 19:46:54[http-nio-8080-exec-6] [BasicBinder:64] -binding parameter [1] as [BIGINT] - [1]
INFO  2020-05-02 20:19:34[restartedMain] [BookclubApplication:55] -Starting BookclubApplication on DESKTOP-S36RG68 with PID 21652 (C:\Users\N\IdeaProjects\bookClub\bookclub-api\build\classes\java\main started by 호준 in C:\Users\N\IdeaProjects\bookClub)
INFO  2020-05-02 20:19:34[restartedMain] [BookclubApplication:651] -No active profile set, falling back to default profiles: default
INFO  2020-05-02 20:19:34[restartedMain] [ChangeableUrls:225] -The Class-Path manifest attribute in C:\Users\N\.gradle\caches\modules-2\files-2.1\org.glassfish.jaxb\jaxb-runtime\2.3.2\5528bc882ea499a09d720b42af11785c4fc6be2a\jaxb-runtime-2.3.2.jar referenced one or more files that do not exist: file:/C:/Users/N/.gradle/caches/modules-2/files-2.1/org.glassfish.jaxb/jaxb-runtime/2.3.2/5528bc882ea499a09d720b42af11785c4fc6be2a/jakarta.xml.bind-api-2.3.2.jar,file:/C:/Users/N/.gradle/caches/modules-2/files-2.1/org.glassfish.jaxb/jaxb-runtime/2.3.2/5528bc882ea499a09d720b42af11785c4fc6be2a/txw2-2.3.2.jar,file:/C:/Users/N/.gradle/caches/modules-2/files-2.1/org.glassfish.jaxb/jaxb-runtime/2.3.2/5528bc882ea499a09d720b42af11785c4fc6be2a/istack-commons-runtime-3.0.8.jar,file:/C:/Users/N/.gradle/caches/modules-2/files-2.1/org.glassfish.jaxb/jaxb-runtime/2.3.2/5528bc882ea499a09d720b42af11785c4fc6be2a/stax-ex-1.8.1.jar,file:/C:/Users/N/.gradle/caches/modules-2/files-2.1/org.glassfish.jaxb/jaxb-runtime/2.3.2/5528bc882ea499a09d720b42af11785c4fc6be2a/FastInfoset-1.2.16.jar,file:/C:/Users/N/.gradle/caches/modules-2/files-2.1/org.glassfish.jaxb/jaxb-runtime/2.3.2/5528bc882ea499a09d720b42af11785c4fc6be2a/jakarta.activation-api-1.2.1.jar
INFO  2020-05-02 20:19:34[restartedMain] [DevToolsPropertyDefaultsPostProcessor:225] -Devtools property defaults active! Set 'spring.devtools.add-properties' to 'false' to disable
INFO  2020-05-02 20:19:34[restartedMain] [DevToolsPropertyDefaultsPostProcessor:225] -For additional web related logging consider setting the 'logging.level.web' property to 'DEBUG'
INFO  2020-05-02 20:19:35[restartedMain] [RepositoryConfigurationDelegate:127] -Bootstrapping Spring Data JPA repositories in DEFAULT mode.
INFO  2020-05-02 20:19:35[restartedMain] [RepositoryConfigurationDelegate:187] -Finished Spring Data repository scanning in 64ms. Found 3 JPA repository interfaces.
INFO  2020-05-02 20:19:36[restartedMain] [PostProcessorRegistrationDelegate$BeanPostProcessorChecker:330] -Bean 'org.springframework.security.config.annotation.configuration.ObjectPostProcessorConfiguration' of type [org.springframework.security.config.annotation.configuration.ObjectPostProcessorConfiguration] is not eligible for getting processed by all BeanPostProcessors (for example: not eligible for auto-proxying)
INFO  2020-05-02 20:19:36[restartedMain] [PostProcessorRegistrationDelegate$BeanPostProcessorChecker:330] -Bean 'objectPostProcessor' of type [org.springframework.security.config.annotation.configuration.AutowireBeanFactoryObjectPostProcessor] is not eligible for getting processed by all BeanPostProcessors (for example: not eligible for auto-proxying)
INFO  2020-05-02 20:19:36[restartedMain] [PostProcessorRegistrationDelegate$BeanPostProcessorChecker:330] -Bean 'org.springframework.security.access.expression.method.DefaultMethodSecurityExpressionHandler@79abbdb6' of type [org.springframework.security.access.expression.method.DefaultMethodSecurityExpressionHandler] is not eligible for getting processed by all BeanPostProcessors (for example: not eligible for auto-proxying)
INFO  2020-05-02 20:19:36[restartedMain] [PostProcessorRegistrationDelegate$BeanPostProcessorChecker:330] -Bean 'org.springframework.security.config.annotation.method.configuration.GlobalMethodSecurityConfiguration' of type [org.springframework.security.config.annotation.method.configuration.GlobalMethodSecurityConfiguration] is not eligible for getting processed by all BeanPostProcessors (for example: not eligible for auto-proxying)
INFO  2020-05-02 20:19:36[restartedMain] [PostProcessorRegistrationDelegate$BeanPostProcessorChecker:330] -Bean 'methodSecurityMetadataSource' of type [org.springframework.security.access.method.DelegatingMethodSecurityMetadataSource] is not eligible for getting processed by all BeanPostProcessors (for example: not eligible for auto-proxying)
INFO  2020-05-02 20:19:36[restartedMain] [TomcatWebServer:92] -Tomcat initialized with port(s): 8081 (http)
INFO  2020-05-02 20:19:36[restartedMain] [Http11NioProtocol:173] -Initializing ProtocolHandler ["http-nio-8081"]
INFO  2020-05-02 20:19:36[restartedMain] [StandardService:173] -Starting service [Tomcat]
INFO  2020-05-02 20:19:36[restartedMain] [StandardEngine:173] -Starting Servlet engine: [Apache Tomcat/9.0.33]
INFO  2020-05-02 20:19:36[restartedMain] [[/]:173] -Initializing Spring embedded WebApplicationContext
INFO  2020-05-02 20:19:36[restartedMain] [ContextLoader:284] -Root WebApplicationContext: initialization completed in 2041 ms
INFO  2020-05-02 20:19:37[restartedMain] [HikariDataSource:110] -HikariPool-1 - Starting...
INFO  2020-05-02 20:19:37[restartedMain] [HikariDataSource:123] -HikariPool-1 - Start completed.
INFO  2020-05-02 20:19:37[restartedMain] [LogHelper:31] -HHH000204: Processing PersistenceUnitInfo [name: default]
INFO  2020-05-02 20:19:37[restartedMain] [Version:44] -HHH000412: Hibernate ORM core version 5.4.12.Final
INFO  2020-05-02 20:19:38[restartedMain] [Version:49] -HCANN000001: Hibernate Commons Annotations {5.1.0.Final}
INFO  2020-05-02 20:19:38[restartedMain] [Dialect:172] -HHH000400: Using dialect: org.hibernate.dialect.MySQL8Dialect
INFO  2020-05-02 20:19:39[restartedMain] [JtaPlatformInitiator:52] -HHH000490: Using JtaPlatform implementation: [org.hibernate.engine.transaction.jta.platform.internal.NoJtaPlatform]
INFO  2020-05-02 20:19:39[restartedMain] [LocalContainerEntityManagerFactoryBean:416] -Initialized JPA EntityManagerFactory for persistence unit 'default'
WARN  2020-05-02 20:19:39[restartedMain] [JpaBaseConfiguration$JpaWebConfiguration:220] -spring.jpa.open-in-view is enabled by default. Therefore, database queries may be performed during view rendering. Explicitly configure spring.jpa.open-in-view to disable this warning
INFO  2020-05-02 20:19:40[restartedMain] [DefaultSecurityFilterChain:43] -Creating filter chain: any request, [org.springframework.security.web.context.request.async.WebAsyncManagerIntegrationFilter@3c4e3b2a, org.springframework.security.web.context.SecurityContextPersistenceFilter@53bd7916, org.springframework.security.web.header.HeaderWriterFilter@4e899c06, org.springframework.security.web.authentication.logout.LogoutFilter@51ec8759, ac.kr.smu.config.jwt.JwtAuthenticationFilter@3b817eb8, org.springframework.security.web.savedrequest.RequestCacheAwareFilter@151e9847, org.springframework.security.web.servletapi.SecurityContextHolderAwareRequestFilter@6478fbb8, org.springframework.security.web.authentication.AnonymousAuthenticationFilter@26115274, org.springframework.security.web.session.SessionManagementFilter@24432e50, org.springframework.security.web.access.ExceptionTranslationFilter@6d044aab, org.springframework.security.web.access.intercept.FilterSecurityInterceptor@75b0c94d]
INFO  2020-05-02 20:19:40[restartedMain] [ThreadPoolTaskExecutor:181] -Initializing ExecutorService 'applicationTaskExecutor'
INFO  2020-05-02 20:19:41[restartedMain] [OptionalLiveReloadServer:58] -LiveReload server is running on port 35729
INFO  2020-05-02 20:19:41[restartedMain] [Http11NioProtocol:173] -Starting ProtocolHandler ["http-nio-8081"]
INFO  2020-05-02 20:19:41[restartedMain] [TomcatWebServer:204] -Tomcat started on port(s): 8081 (http) with context path ''
INFO  2020-05-02 20:19:41[restartedMain] [BookclubApplication:61] -Started BookclubApplication in 7.142 seconds (JVM running for 8.581)
INFO  2020-05-02 20:19:52[http-nio-8081-exec-1] [[/]:173] -Initializing Spring DispatcherServlet 'dispatcherServlet'
INFO  2020-05-02 20:19:52[http-nio-8081-exec-1] [DispatcherServlet:525] -Initializing Servlet 'dispatcherServlet'
INFO  2020-05-02 20:19:52[http-nio-8081-exec-1] [DispatcherServlet:547] -Completed initialization in 23 ms
TRACE 2020-05-02 20:21:27[http-nio-8081-exec-3] [BasicBinder:64] -binding parameter [1] as [VARCHAR] - [dbghwns11]
TRACE 2020-05-02 20:21:27[http-nio-8081-exec-3] [BasicExtractor:60] -extracted value ([uid1_2_] : [BIGINT]) - [1]
TRACE 2020-05-02 20:21:27[http-nio-8081-exec-3] [BasicExtractor:60] -extracted value ([email2_2_] : [VARCHAR]) - [dbghwns66@daum.net]
TRACE 2020-05-02 20:21:27[http-nio-8081-exec-3] [BasicExtractor:60] -extracted value ([gid7_2_] : [BIGINT]) - [1]
TRACE 2020-05-02 20:21:27[http-nio-8081-exec-3] [BasicExtractor:60] -extracted value ([id3_2_] : [VARCHAR]) - [dbghwns11]
TRACE 2020-05-02 20:21:27[http-nio-8081-exec-3] [BasicExtractor:60] -extracted value ([name4_2_] : [VARCHAR]) - [유호준]
TRACE 2020-05-02 20:21:27[http-nio-8081-exec-3] [BasicExtractor:60] -extracted value ([passwd5_2_] : [VARCHAR]) - [$2a$10$D8jGwqefuXNPbvdJUhriYOz4u/9qPboDL8FfDQ1EmBLgMZErzjZ/e]
TRACE 2020-05-02 20:21:27[http-nio-8081-exec-3] [BasicExtractor:60] -extracted value ([role6_2_] : [VARCHAR]) - [MANAGER]
TRACE 2020-05-02 20:22:02[http-nio-8081-exec-5] [BasicBinder:64] -binding parameter [1] as [VARCHAR] - [dbghwns11]
TRACE 2020-05-02 20:22:02[http-nio-8081-exec-5] [BasicExtractor:60] -extracted value ([uid1_2_] : [BIGINT]) - [1]
TRACE 2020-05-02 20:22:02[http-nio-8081-exec-5] [BasicExtractor:60] -extracted value ([email2_2_] : [VARCHAR]) - [dbghwns66@daum.net]
TRACE 2020-05-02 20:22:02[http-nio-8081-exec-5] [BasicExtractor:60] -extracted value ([gid7_2_] : [BIGINT]) - [1]
TRACE 2020-05-02 20:22:02[http-nio-8081-exec-5] [BasicExtractor:60] -extracted value ([id3_2_] : [VARCHAR]) - [dbghwns11]
TRACE 2020-05-02 20:22:02[http-nio-8081-exec-5] [BasicExtractor:60] -extracted value ([name4_2_] : [VARCHAR]) - [유호준]
TRACE 2020-05-02 20:22:02[http-nio-8081-exec-5] [BasicExtractor:60] -extracted value ([passwd5_2_] : [VARCHAR]) - [$2a$10$D8jGwqefuXNPbvdJUhriYOz4u/9qPboDL8FfDQ1EmBLgMZErzjZ/e]
TRACE 2020-05-02 20:22:02[http-nio-8081-exec-5] [BasicExtractor:60] -extracted value ([role6_2_] : [VARCHAR]) - [MANAGER]
